[debug] [2026-05-01T12:28:12.395Z] ----------------------------------------------------------------------
[debug] [2026-05-01T12:28:12.401Z] Command:       C:\Program Files\nodejs\node.exe C:\Users\anton\AppData\Roaming\npm\node_modules\firebase-tools\lib\bin\firebase.js deploy
[debug] [2026-05-01T12:28:12.401Z] CLI Version:   15.12.0
[debug] [2026-05-01T12:28:12.401Z] Platform:      win32
[debug] [2026-05-01T12:28:12.401Z] Node Version:  v22.22.0
[debug] [2026-05-01T12:28:12.402Z] Time:          Fri May 01 2026 13:28:12 GMT+0100 (Hora de verão da Europa Ocidental)
[debug] [2026-05-01T12:28:12.402Z] ----------------------------------------------------------------------
[debug] 
[debug] [2026-05-01T12:28:12.405Z] >>> [apiv2][query] GET https://firebase-public.firebaseio.com/cli.json [none]
[debug] [2026-05-01T12:28:16.873Z] > command requires scopes: ["email","openid","https://www.googleapis.com/auth/cloudplatformprojects.readonly","https://www.googleapis.com/auth/firebase","https://www.googleapis.com/auth/cloud-platform"]
[debug] [2026-05-01T12:28:16.873Z] > authorizing via signed-in user (antonioappleton@gmail.com)
[debug] [2026-05-01T12:28:16.873Z] [iam] checking project wisebudget-financaspessoais for permissions ["cloudfunctions.functions.create","cloudfunctions.functions.delete","cloudfunctions.functions.get","cloudfunctions.functions.list","cloudfunctions.functions.update","cloudfunctions.operations.get","firebase.projects.get","firebasehosting.sites.update"]
[debug] [2026-05-01T12:28:16.874Z] Checked if tokens are valid: false, expires at: 1774746952903
[debug] [2026-05-01T12:28:16.874Z] Checked if tokens are valid: false, expires at: 1774746952903
[debug] [2026-05-01T12:28:16.875Z] > refreshing access token with scopes: []
[debug] [2026-05-01T12:28:16.877Z] >>> [apiv2][query] POST https://www.googleapis.com/oauth2/v3/token [none]
[debug] [2026-05-01T12:28:16.877Z] >>> [apiv2][body] POST https://www.googleapis.com/oauth2/v3/token [omitted]
[debug] [2026-05-01T12:28:17.057Z] <<< [apiv2][status] POST https://www.googleapis.com/oauth2/v3/token 200
[debug] [2026-05-01T12:28:17.057Z] <<< [apiv2][body] POST https://www.googleapis.com/oauth2/v3/token [omitted]
[debug] [2026-05-01T12:28:17.113Z] >>> [apiv2][query] POST https://cloudresourcemanager.googleapis.com/v1/projects/wisebudget-financaspessoais:testIamPermissions [none]
[debug] [2026-05-01T12:28:17.113Z] >>> [apiv2][(partial)header] POST https://cloudresourcemanager.googleapis.com/v1/projects/wisebudget-financaspessoais:testIamPermissions  x-goog-user-project=wisebudget-financaspessoais
[debug] [2026-05-01T12:28:17.113Z] >>> [apiv2][body] POST https://cloudresourcemanager.googleapis.com/v1/projects/wisebudget-financaspessoais:testIamPermissions {"permissions":["cloudfunctions.functions.create","cloudfunctions.functions.delete","cloudfunctions.functions.get","cloudfunctions.functions.list","cloudfunctions.functions.update","cloudfunctions.operations.get","firebase.projects.get","firebasehosting.sites.update"]}
[debug] [2026-05-01T12:28:17.176Z] <<< [apiv2][status] GET https://firebase-public.firebaseio.com/cli.json 200
[debug] [2026-05-01T12:28:17.176Z] <<< [apiv2][body] GET https://firebase-public.firebaseio.com/cli.json {"cloudBuildErrorAfter":1594252800000,"cloudBuildWarnAfter":1590019200000,"defaultNode10After":1594252800000,"minVersion":"3.0.5","node8DeploysDisabledAfter":1613390400000,"node8RuntimeDisabledAfter":1615809600000,"node8WarnAfter":1600128000000}
[debug] [2026-05-01T12:28:17.861Z] <<< [apiv2][status] POST https://cloudresourcemanager.googleapis.com/v1/projects/wisebudget-financaspessoais:testIamPermissions 200
[debug] [2026-05-01T12:28:17.861Z] <<< [apiv2][body] POST https://cloudresourcemanager.googleapis.com/v1/projects/wisebudget-financaspessoais:testIamPermissions {"permissions":["cloudfunctions.functions.create","cloudfunctions.functions.delete","cloudfunctions.functions.get","cloudfunctions.functions.list","cloudfunctions.functions.update","cloudfunctions.operations.get","firebase.projects.get","firebasehosting.sites.update"]}
[debug] [2026-05-01T12:28:17.862Z] Checked if tokens are valid: true, expires at: 1777642096058
[debug] [2026-05-01T12:28:17.862Z] Checked if tokens are valid: true, expires at: 1777642096058
[debug] [2026-05-01T12:28:17.863Z] >>> [apiv2][query] POST https://iam.googleapis.com/v1/projects/wisebudget-financaspessoais/serviceAccounts/wisebudget-financaspessoais@appspot.gserviceaccount.com:testIamPermissions [none]
[debug] [2026-05-01T12:28:17.863Z] >>> [apiv2][body] POST https://iam.googleapis.com/v1/projects/wisebudget-financaspessoais/serviceAccounts/wisebudget-financaspessoais@appspot.gserviceaccount.com:testIamPermissions {"permissions":["iam.serviceAccounts.actAs"]}
[debug] [2026-05-01T12:28:18.641Z] <<< [apiv2][status] POST https://iam.googleapis.com/v1/projects/wisebudget-financaspessoais/serviceAccounts/wisebudget-financaspessoais@appspot.gserviceaccount.com:testIamPermissions 200
[debug] [2026-05-01T12:28:18.641Z] <<< [apiv2][body] POST https://iam.googleapis.com/v1/projects/wisebudget-financaspessoais/serviceAccounts/wisebudget-financaspessoais@appspot.gserviceaccount.com:testIamPermissions {"permissions":["iam.serviceAccounts.actAs"]}
[debug] [2026-05-01T12:28:18.643Z] Checked if tokens are valid: true, expires at: 1777642096058
[debug] [2026-05-01T12:28:18.643Z] Checked if tokens are valid: true, expires at: 1777642096058
[debug] [2026-05-01T12:28:18.645Z] >>> [apiv2][query] GET https://firebase.googleapis.com/v1beta1/projects/wisebudget-financaspessoais [none]
[debug] [2026-05-01T12:28:19.033Z] <<< [apiv2][status] GET https://firebase.googleapis.com/v1beta1/projects/wisebudget-financaspessoais 200
[debug] [2026-05-01T12:28:19.034Z] <<< [apiv2][body] GET https://firebase.googleapis.com/v1beta1/projects/wisebudget-financaspessoais {"projectId":"wisebudget-financaspessoais","projectNumber":"253837748631","displayName":"Wisebudget-FinancasPessoais","name":"projects/wisebudget-financaspessoais","resources":{"hostingSite":"wisebudget-financaspessoais"},"state":"ACTIVE","etag":"1_ed9ace28-d58f-40a8-a175-72a68b4be3b3"}
[info] 
[info] === Deploying to 'wisebudget-financaspessoais'...
[info] 
[info] i  deploying functions, hosting 
[debug] [2026-05-01T12:28:19.054Z] Checked if tokens are valid: true, expires at: 1777642096058
[debug] [2026-05-01T12:28:19.055Z] Checked if tokens are valid: true, expires at: 1777642096058
[debug] [2026-05-01T12:28:19.055Z] >>> [apiv2][query] GET https://cloudresourcemanager.googleapis.com/v1/projects/wisebudget-financaspessoais [none]
[debug] [2026-05-01T12:28:19.240Z] <<< [apiv2][status] GET https://cloudresourcemanager.googleapis.com/v1/projects/wisebudget-financaspessoais 200
[debug] [2026-05-01T12:28:19.241Z] <<< [apiv2][body] GET https://cloudresourcemanager.googleapis.com/v1/projects/wisebudget-financaspessoais {"projectNumber":"253837748631","projectId":"wisebudget-financaspessoais","lifecycleState":"ACTIVE","name":"Wisebudget-FinancasPessoais","labels":{"firebase":"enabled","firebase-core":"disabled"},"createTime":"2026-02-04T21:02:23.354234Z"}
[info] i  functions: preparing codebase default for deployment 
[info] i  functions: ensuring required API cloudfunctions.googleapis.com is enabled... 
[info] i  functions: ensuring required API cloudbuild.googleapis.com is enabled... 
[info] i  artifactregistry: ensuring required API artifactregistry.googleapis.com is enabled... 
[debug] [2026-05-01T12:28:19.252Z] Checked if tokens are valid: true, expires at: 1777642096058
[debug] [2026-05-01T12:28:19.253Z] Checked if tokens are valid: true, expires at: 1777642096058
[debug] [2026-05-01T12:28:19.253Z] >>> [apiv2][query] GET https://firebase.googleapis.com/v1beta1/projects/wisebudget-financaspessoais/adminSdkConfig [none]
[debug] [2026-05-01T12:28:19.506Z] <<< [apiv2][status] GET https://firebase.googleapis.com/v1beta1/projects/wisebudget-financaspessoais/adminSdkConfig 200
[debug] [2026-05-01T12:28:19.507Z] <<< [apiv2][body] GET https://firebase.googleapis.com/v1beta1/projects/wisebudget-financaspessoais/adminSdkConfig {"projectId":"wisebudget-financaspessoais","storageBucket":"wisebudget-financaspessoais.firebasestorage.app"}
[debug] [2026-05-01T12:28:19.509Z] Validating nodejs source
[warn] !  functions: Runtime Node.js 20 was deprecated on 2026-04-30 and will be decommissioned on 2026-10-30, after which you will not be able to deploy without upgrading. Consider upgrading now to avoid disruption. See https://cloud.google.com/functions/docs/runtime-support for full details on the lifecycle policy 
[warn] !  functions: Couldn't find firebase-functions package in your source code. Have you run 'npm install'? 
[debug] [2026-05-01T12:28:19.518Z] getFunctionsSDKVersion encountered error: Cannot find module 'firebase-functions'
Require stack:
- C:\Users\anton\AppData\Roaming\npm\node_modules\firebase-tools\lib\deploy\functions\runtimes\node\versioning.js
- C:\Users\anton\AppData\Roaming\npm\node_modules\firebase-tools\lib\deploy\functions\runtimes\node\index.js
- C:\Users\anton\AppData\Roaming\npm\node_modules\firebase-tools\lib\deploy\functions\runtimes\index.js
- C:\Users\anton\AppData\Roaming\npm\node_modules\firebase-tools\lib\deploy\functions\prepare.js
- C:\Users\anton\AppData\Roaming\npm\node_modules\firebase-tools\lib\emulator\functionsEmulatorShared.js
- C:\Users\anton\AppData\Roaming\npm\node_modules\firebase-tools\lib\frameworks\index.js
- C:\Users\anton\AppData\Roaming\npm\node_modules\firebase-tools\lib\deploy\hosting\prepare.js
- C:\Users\anton\AppData\Roaming\npm\node_modules\firebase-tools\lib\deploy\hosting\index.js
- C:\Users\anton\AppData\Roaming\npm\node_modules\firebase-tools\lib\deploy\index.js
- C:\Users\anton\AppData\Roaming\npm\node_modules\firebase-tools\lib\commands\deploy.js
- C:\Users\anton\AppData\Roaming\npm\node_modules\firebase-tools\lib\commands\index.js
- C:\Users\anton\AppData\Roaming\npm\node_modules\firebase-tools\lib\index.js
- C:\Users\anton\AppData\Roaming\npm\node_modules\firebase-tools\lib\bin\cli.js
- C:\Users\anton\AppData\Roaming\npm\node_modules\firebase-tools\lib\bin\firebase.js {"code":"MODULE_NOT_FOUND","requireStack":["C:\\Users\\anton\\AppData\\Roaming\\npm\\node_modules\\firebase-tools\\lib\\deploy\\functions\\runtimes\\node\\versioning.js","C:\\Users\\anton\\AppData\\Roaming\\npm\\node_modules\\firebase-tools\\lib\\deploy\\functions\\runtimes\\node\\index.js","C:\\Users\\anton\\AppData\\Roaming\\npm\\node_modules\\firebase-tools\\lib\\deploy\\functions\\runtimes\\index.js","C:\\Users\\anton\\AppData\\Roaming\\npm\\node_modules\\firebase-tools\\lib\\deploy\\functions\\prepare.js","C:\\Users\\anton\\AppData\\Roaming\\npm\\node_modules\\firebase-tools\\lib\\emulator\\functionsEmulatorShared.js","C:\\Users\\anton\\AppData\\Roaming\\npm\\node_modules\\firebase-tools\\lib\\frameworks\\index.js","C:\\Users\\anton\\AppData\\Roaming\\npm\\node_modules\\firebase-tools\\lib\\deploy\\hosting\\prepare.js","C:\\Users\\anton\\AppData\\Roaming\\npm\\node_modules\\firebase-tools\\lib\\deploy\\hosting\\index.js","C:\\Users\\anton\\AppData\\Roaming\\npm\\node_modules\\firebase-tools\\lib\\deploy\\index.js","C:\\Users\\anton\\AppData\\Roaming\\npm\\node_modules\\firebase-tools\\lib\\commands\\deploy.js","C:\\Users\\anton\\AppData\\Roaming\\npm\\node_modules\\firebase-tools\\lib\\commands\\index.js","C:\\Users\\anton\\AppData\\Roaming\\npm\\node_modules\\firebase-tools\\lib\\index.js","C:\\Users\\anton\\AppData\\Roaming\\npm\\node_modules\\firebase-tools\\lib\\bin\\cli.js","C:\\Users\\anton\\AppData\\Roaming\\npm\\node_modules\\firebase-tools\\lib\\bin\\firebase.js"]}
[debug] [2026-05-01T12:28:19.521Z] checkFunctionsSDKVersion encountered error: Invalid Version:  {}
[debug] [2026-05-01T12:28:19.521Z] > [functions] package.json contents: {
  "name": "functions",
  "description": "Cloud Functions for Firebase",
  "scripts": {
    "serve": "firebase emulators:start --only functions",
    "shell": "firebase functions:shell",
    "start": "npm run shell",
    "deploy": "firebase deploy --only functions",
    "logs": "firebase functions:log"
  },
  "engines": {
    "node": "20"
  },
  "main": "index.js",
  "dependencies": {
    "@supabase/supabase-js": "^2.97.0",
    "cors": "^2.8.6",
    "firebase-admin": "^13.6.0",
    "firebase-functions": "^7.0.0",
    "jspdf": "^4.2.1",
    "nodemailer": "^8.0.4",
    "web-push": "^3.6.7"
  },
  "devDependencies": {
    "firebase-functions-test": "^3.4.1"
  },
  "private": true
}
[debug] [2026-05-01T12:28:19.522Z] Building nodejs source
[info] i  functions: Loading and analyzing source code for codebase default to determine what to deploy 
[debug] [2026-05-01T12:28:19.523Z] Could not parse firebase-functions version '' into semver.
[debug] [2026-05-01T12:28:19.524Z] Could not find functions.yaml. Must use http discovery
[debug] [2026-05-01T12:28:19.697Z] Error: Cannot find module 'firebase-functions'
Require stack:
- C:\Users\anton\AppData\Roaming\npm\node_modules\firebase-tools\lib\deploy\functions\runtimes\node\index.js
- C:\Users\anton\AppData\Roaming\npm\node_modules\firebase-tools\lib\deploy\functions\runtimes\index.js
- C:\Users\anton\AppData\Roaming\npm\node_modules\firebase-tools\lib\deploy\functions\prepare.js
- C:\Users\anton\AppData\Roaming\npm\node_modules\firebase-tools\lib\emulator\functionsEmulatorShared.js
- C:\Users\anton\AppData\Roaming\npm\node_modules\firebase-tools\lib\frameworks\index.js
- C:\Users\anton\AppData\Roaming\npm\node_modules\firebase-tools\lib\deploy\hosting\prepare.js
- C:\Users\anton\AppData\Roaming\npm\node_modules\firebase-tools\lib\deploy\hosting\index.js
- C:\Users\anton\AppData\Roaming\npm\node_modules\firebase-tools\lib\deploy\index.js
- C:\Users\anton\AppData\Roaming\npm\node_modules\firebase-tools\lib\commands\deploy.js
- C:\Users\anton\AppData\Roaming\npm\node_modules\firebase-tools\lib\commands\index.js
- C:\Users\anton\AppData\Roaming\npm\node_modules\firebase-tools\lib\index.js
- C:\Users\anton\AppData\Roaming\npm\node_modules\firebase-tools\lib\bin\cli.js
- C:\Users\anton\AppData\Roaming\npm\node_modules\firebase-tools\lib\bin\firebase.js
    at Function._resolveFilename (node:internal/modules/cjs/loader:1383:15)
    at Function.resolve (node:internal/modules/helpers:157:19)
    at Delegate.findFunctionsBinary (C:\Users\anton\AppData\Roaming\npm\node_modules\firebase-tools\lib\deploy\functions\runtimes\node\index.js:101:33)
    at Delegate.spawnFunctionsProcess (C:\Users\anton\AppData\Roaming\npm\node_modules\firebase-tools\lib\deploy\functions\runtimes\node\index.js:131:30)
    at Delegate.serveAdmin (C:\Users\anton\AppData\Roaming\npm\node_modules\firebase-tools\lib\deploy\functions\runtimes\node\index.js:152:35)
    at Delegate.discoverBuild (C:\Users\anton\AppData\Roaming\npm\node_modules\firebase-tools\lib\deploy\functions\runtimes\node\index.js:192:41)
    at process.processTicksAndRejections (node:internal/process/task_queues:105:5)
    at async loadCodebases (C:\Users\anton\AppData\Roaming\npm\node_modules\firebase-tools\lib\deploy\functions\prepare.js:337:33)
    at async prepare (C:\Users\anton\AppData\Roaming\npm\node_modules\firebase-tools\lib\deploy\functions\prepare.js:70:24)
    at async chain (C:\Users\anton\AppData\Roaming\npm\node_modules\firebase-tools\lib\deploy\index.js:45:9)
[error] 
[error] Error: An unexpected error has occurred.
